C:\OF_V0.8.4_VS_RELEASE\APPS\MYAPPS\KINECTOSC\OBJ\RELEASE\KINECT.OBJ
C:\OF_V0.8.4_VS_RELEASE\APPS\MYAPPS\KINECTOSC\OBJ\RELEASE\IMAGESTREAM.OBJ
C:\OF_V0.8.4_VS_RELEASE\APPS\MYAPPS\KINECTOSC\OBJ\RELEASE\IMAGEFRAME.OBJ
C:\OF_V0.8.4_VS_RELEASE\APPS\MYAPPS\KINECTOSC\OBJ\RELEASE\AUDIOSTREAM.OBJ
C:\OF_V0.8.4_VS_RELEASE\APPS\MYAPPS\KINECTOSC\OBJ\RELEASE\OSCTYPES.OBJ
C:\OF_V0.8.4_VS_RELEASE\APPS\MYAPPS\KINECTOSC\OBJ\RELEASE\OSCRECEIVEDELEMENTS.OBJ
C:\OF_V0.8.4_VS_RELEASE\APPS\MYAPPS\KINECTOSC\OBJ\RELEASE\OSCPRINTRECEIVEDELEMENTS.OBJ
C:\OF_V0.8.4_VS_RELEASE\APPS\MYAPPS\KINECTOSC\OBJ\RELEASE\OSCOUTBOUNDPACKETSTREAM.OBJ
C:\OF_V0.8.4_VS_RELEASE\APPS\MYAPPS\KINECTOSC\OBJ\RELEASE\UDPSOCKETWIN.OBJ
C:\OF_V0.8.4_VS_RELEASE\APPS\MYAPPS\KINECTOSC\OBJ\RELEASE\NETWORKINGUTILSWIN.OBJ
C:\OF_V0.8.4_VS_RELEASE\APPS\MYAPPS\KINECTOSC\OBJ\RELEASE\UDPSOCKET.OBJ
C:\OF_V0.8.4_VS_RELEASE\APPS\MYAPPS\KINECTOSC\OBJ\RELEASE\NETWORKINGUTILS.OBJ
C:\OF_V0.8.4_VS_RELEASE\APPS\MYAPPS\KINECTOSC\OBJ\RELEASE\IPENDPOINTNAME.OBJ
C:\OF_V0.8.4_VS_RELEASE\APPS\MYAPPS\KINECTOSC\OBJ\RELEASE\OFXOSCSENDER.OBJ
C:\OF_V0.8.4_VS_RELEASE\APPS\MYAPPS\KINECTOSC\OBJ\RELEASE\OFXOSCRECEIVER.OBJ
C:\OF_V0.8.4_VS_RELEASE\APPS\MYAPPS\KINECTOSC\OBJ\RELEASE\OFXOSCPARAMETERSYNC.OBJ
C:\OF_V0.8.4_VS_RELEASE\APPS\MYAPPS\KINECTOSC\OBJ\RELEASE\OFXOSCMESSAGE.OBJ
C:\OF_V0.8.4_VS_RELEASE\APPS\MYAPPS\KINECTOSC\OBJ\RELEASE\OFXOSCBUNDLE.OBJ
C:\OF_V0.8.4_VS_RELEASE\APPS\MYAPPS\KINECTOSC\OBJ\RELEASE\OFAPP.OBJ
C:\OF_V0.8.4_VS_RELEASE\APPS\MYAPPS\KINECTOSC\OBJ\RELEASE\MAIN.OBJ
C:\OF_V0.8.4_VS_RELEASE\APPS\MYAPPS\KINECTOSC\OBJ\RELEASE\EVENT.OBJ
C:\OF_V0.8.4_VS_RELEASE\APPS\MYAPPS\KINECTOSC\OBJ\RELEASE\OFXKINECTNUISOUNDRECORDER.OBJ
C:\OF_V0.8.4_VS_RELEASE\APPS\MYAPPS\KINECTOSC\OBJ\RELEASE\OFXKINECTNUIRECORDER.OBJ
C:\OF_V0.8.4_VS_RELEASE\APPS\MYAPPS\KINECTOSC\OBJ\RELEASE\OFXKINECTNUIPLAYER.OBJ
C:\OF_V0.8.4_VS_RELEASE\APPS\MYAPPS\KINECTOSC\OBJ\RELEASE\OFXKINECTNUIDRAW.OBJ
C:\OF_V0.8.4_VS_RELEASE\APPS\MYAPPS\KINECTOSC\OBJ\RELEASE\OFXKINECTNUI.OBJ
C:\OF_V0.8.4_VS_RELEASE\APPS\MYAPPS\KINECTOSC\OBJ\RELEASE\SKELETONFRAME.OBJ
C:\OF_V0.8.4_VS_RELEASE\APPS\MYAPPS\KINECTOSC\OBJ\RELEASE\SKELETONENGINE.OBJ
C:\OF_V0.8.4_VS_RELEASE\APPS\MYAPPS\KINECTOSC\OBJ\RELEASE\KINECTCONTEXT.OBJ
C:\OF_V0.8.4_VS_RELEASE\APPS\MYAPPS\KINECTOSC\OBJ\RELEASE\VC110.PDB
C:\OF_V0.8.4_VS_RELEASE\APPS\MYAPPS\KINECTOSC\OBJ\RELEASE\ICON.RES
C:\of_v0.8.4_vs_release\apps\myApps\KinectOSC\obj\Release\KinectOSC.vcxprojResolveAssemblyReference.cache
C:\of_v0.8.4_vs_release\apps\myApps\KinectOSC\obj\Release\AudioStream.obj
C:\of_v0.8.4_vs_release\apps\myApps\KinectOSC\obj\Release\Event.obj
C:\of_v0.8.4_vs_release\apps\myApps\KinectOSC\obj\Release\ImageFrame.obj
C:\of_v0.8.4_vs_release\apps\myApps\KinectOSC\obj\Release\ImageStream.obj
C:\of_v0.8.4_vs_release\apps\myApps\KinectOSC\obj\Release\IpEndpointName.obj
C:\of_v0.8.4_vs_release\apps\myApps\KinectOSC\obj\Release\Kinect.obj
C:\of_v0.8.4_vs_release\apps\myApps\KinectOSC\obj\Release\KinectContext.obj
C:\of_v0.8.4_vs_release\apps\myApps\KinectOSC\obj\Release\main.obj
C:\of_v0.8.4_vs_release\apps\myApps\KinectOSC\obj\Release\NetworkingUtils.obj
C:\of_v0.8.4_vs_release\apps\myApps\KinectOSC\obj\Release\NetworkingUtilsWin.obj
C:\of_v0.8.4_vs_release\apps\myApps\KinectOSC\obj\Release\ofApp.obj
C:\of_v0.8.4_vs_release\apps\myApps\KinectOSC\obj\Release\ofxKinectNui.obj
C:\of_v0.8.4_vs_release\apps\myApps\KinectOSC\obj\Release\ofxKinectNuiDraw.obj
C:\of_v0.8.4_vs_release\apps\myApps\KinectOSC\obj\Release\ofxKinectNuiPlayer.obj
C:\of_v0.8.4_vs_release\apps\myApps\KinectOSC\obj\Release\ofxKinectNuiRecorder.obj
C:\of_v0.8.4_vs_release\apps\myApps\KinectOSC\obj\Release\ofxKinectNuiSoundRecorder.obj
C:\of_v0.8.4_vs_release\apps\myApps\KinectOSC\obj\Release\ofxOscBundle.obj
C:\of_v0.8.4_vs_release\apps\myApps\KinectOSC\obj\Release\ofxOscMessage.obj
C:\of_v0.8.4_vs_release\apps\myApps\KinectOSC\obj\Release\ofxOscParameterSync.obj
C:\of_v0.8.4_vs_release\apps\myApps\KinectOSC\obj\Release\ofxOscReceiver.obj
C:\of_v0.8.4_vs_release\apps\myApps\KinectOSC\obj\Release\ofxOscSender.obj
C:\of_v0.8.4_vs_release\apps\myApps\KinectOSC\obj\Release\OscOutboundPacketStream.obj
C:\of_v0.8.4_vs_release\apps\myApps\KinectOSC\obj\Release\OscPrintReceivedElements.obj
C:\of_v0.8.4_vs_release\apps\myApps\KinectOSC\obj\Release\OscReceivedElements.obj
C:\of_v0.8.4_vs_release\apps\myApps\KinectOSC\obj\Release\OscTypes.obj
C:\of_v0.8.4_vs_release\apps\myApps\KinectOSC\obj\Release\SkeletonEngine.obj
C:\of_v0.8.4_vs_release\apps\myApps\KinectOSC\obj\Release\SkeletonFrame.obj
C:\of_v0.8.4_vs_release\apps\myApps\KinectOSC\obj\Release\UdpSocket.obj
C:\of_v0.8.4_vs_release\apps\myApps\KinectOSC\obj\Release\UdpSocketWin.obj
C:\of_v0.8.4_vs_release\apps\myApps\KinectOSC\obj\Release\cl.command.1.tlog
C:\of_v0.8.4_vs_release\apps\myApps\KinectOSC\obj\Release\CL.read.1.tlog
C:\of_v0.8.4_vs_release\apps\myApps\KinectOSC\obj\Release\CL.write.1.tlog
C:\of_v0.8.4_vs_release\apps\myApps\KinectOSC\obj\Release\KinectOSC.write.1.tlog
C:\of_v0.8.4_vs_release\apps\myApps\KinectOSC\obj\Release\link-cvtres.read.1.tlog
C:\of_v0.8.4_vs_release\apps\myApps\KinectOSC\obj\Release\link-cvtres.write.1.tlog
C:\of_v0.8.4_vs_release\apps\myApps\KinectOSC\obj\Release\link-rc.read.1.tlog
C:\of_v0.8.4_vs_release\apps\myApps\KinectOSC\obj\Release\link-rc.write.1.tlog
C:\of_v0.8.4_vs_release\apps\myApps\KinectOSC\obj\Release\link.command.1.tlog
C:\of_v0.8.4_vs_release\apps\myApps\KinectOSC\obj\Release\link.read.1.tlog
C:\of_v0.8.4_vs_release\apps\myApps\KinectOSC\obj\Release\link.write.1.tlog
C:\of_v0.8.4_vs_release\apps\myApps\KinectOSC\obj\Release\rc.command.1.tlog
C:\of_v0.8.4_vs_release\apps\myApps\KinectOSC\obj\Release\rc.read.1.tlog
C:\of_v0.8.4_vs_release\apps\myApps\KinectOSC\obj\Release\rc.write.1.tlog
C:\of_v0.8.4_vs_release\apps\myApps\KinectOSC\obj\Release\icon.res
C:\of_v0.8.4_vs_release\apps\myApps\KinectOSC\obj\Release\vc110.pdb
